Determining if the pthread_create exist failed with the following output:
Change Dir: /home/joshua/gits/efgrant/libsnark-practice/build/CMakeFiles/CMakeTmp

Run Build Command:"/usr/bin/make" "cmTC_775d5/fast"
/usr/bin/make -f CMakeFiles/cmTC_775d5.dir/build.make CMakeFiles/cmTC_775d5.dir/build
make[1]: Entering directory '/home/joshua/gits/efgrant/libsnark-practice/build/CMakeFiles/CMakeTmp'
Building C object CMakeFiles/cmTC_775d5.dir/CheckSymbolExists.c.o
/usr/bin/cc    -o CMakeFiles/cmTC_775d5.dir/CheckSymbolExists.c.o   -c /home/joshua/gits/efgrant/libsnark-practice/build/CMakeFiles/CMakeTmp/CheckSymbolExists.c
Linking C executable cmTC_775d5
/usr/bin/cmake -E cmake_link_script CMakeFiles/cmTC_775d5.dir/link.txt --verbose=1
/usr/bin/cc      -rdynamic CMakeFiles/cmTC_775d5.dir/CheckSymbolExists.c.o  -o cmTC_775d5 
/usr/bin/ld: CMakeFiles/cmTC_775d5.dir/CheckSymbolExists.c.o: in function `main':
CheckSymbolExists.c:(.text+0x1b): undefined reference to `pthread_create'
collect2: error: ld returned 1 exit status
make[1]: *** [CMakeFiles/cmTC_775d5.dir/build.make:87: cmTC_775d5] Error 1
make[1]: Leaving directory '/home/joshua/gits/efgrant/libsnark-practice/build/CMakeFiles/CMakeTmp'
make: *** [Makefile:121: cmTC_775d5/fast] Error 2

File /home/joshua/gits/efgrant/libsnark-practice/build/CMakeFiles/CMakeTmp/CheckSymbolExists.c:
/* */
#include <pthread.h>

int main(int argc, char** argv)
{
  (void)argv;
#ifndef pthread_create
  return ((int*)(&pthread_create))[argc];
#else
  (void)argc;
  return 0;
#endif
}

Determining if the pthread_create exist failed with the following output:
Change Dir: /home/joshua/gits/libsnark-circuit/build/CMakeFiles/CMakeTmp

Run Build Command:"/usr/bin/make" "cmTC_79843/fast"
/usr/bin/make -f CMakeFiles/cmTC_79843.dir/build.make CMakeFiles/cmTC_79843.dir/build
make[1]: Entering directory '/home/joshua/gits/libsnark-circuit/build/CMakeFiles/CMakeTmp'
Building C object CMakeFiles/cmTC_79843.dir/CheckSymbolExists.c.o
/usr/bin/cc    -o CMakeFiles/cmTC_79843.dir/CheckSymbolExists.c.o   -c /home/joshua/gits/libsnark-circuit/build/CMakeFiles/CMakeTmp/CheckSymbolExists.c
Linking C executable cmTC_79843
/usr/bin/cmake -E cmake_link_script CMakeFiles/cmTC_79843.dir/link.txt --verbose=1
/usr/bin/cc      -rdynamic CMakeFiles/cmTC_79843.dir/CheckSymbolExists.c.o  -o cmTC_79843 
/usr/bin/ld: CMakeFiles/cmTC_79843.dir/CheckSymbolExists.c.o: in function `main':
CheckSymbolExists.c:(.text+0x1b): undefined reference to `pthread_create'
collect2: error: ld returned 1 exit status
make[1]: *** [CMakeFiles/cmTC_79843.dir/build.make:87: cmTC_79843] Error 1
make[1]: Leaving directory '/home/joshua/gits/libsnark-circuit/build/CMakeFiles/CMakeTmp'
make: *** [Makefile:121: cmTC_79843/fast] Error 2

File /home/joshua/gits/libsnark-circuit/build/CMakeFiles/CMakeTmp/CheckSymbolExists.c:
/* */
#include <pthread.h>

int main(int argc, char** argv)
{
  (void)argv;
#ifndef pthread_create
  return ((int*)(&pthread_create))[argc];
#else
  (void)argc;
  return 0;
#endif
}

Determining if the function pthread_create exists in the pthreads failed with the following output:
Change Dir: /home/joshua/gits/libsnark-circuit/build/CMakeFiles/CMakeTmp

Run Build Command:"/usr/bin/make" "cmTC_7dbd9/fast"
/usr/bin/make -f CMakeFiles/cmTC_7dbd9.dir/build.make CMakeFiles/cmTC_7dbd9.dir/build
make[1]: Entering directory '/home/joshua/gits/libsnark-circuit/build/CMakeFiles/CMakeTmp'
Building C object CMakeFiles/cmTC_7dbd9.dir/CheckFunctionExists.c.o
/usr/bin/cc   -DCHECK_FUNCTION_EXISTS=pthread_create   -o CMakeFiles/cmTC_7dbd9.dir/CheckFunctionExists.c.o   -c /usr/share/cmake-3.13/Modules/CheckFunctionExists.c
Linking C executable cmTC_7dbd9
/usr/bin/cmake -E cmake_link_script CMakeFiles/cmTC_7dbd9.dir/link.txt --verbose=1
/usr/bin/cc  -DCHECK_FUNCTION_EXISTS=pthread_create    -rdynamic CMakeFiles/cmTC_7dbd9.dir/CheckFunctionExists.c.o  -o cmTC_7dbd9 -lpthreads 
/usr/bin/ld: cannot find -lpthreads
collect2: error: ld returned 1 exit status
make[1]: *** [CMakeFiles/cmTC_7dbd9.dir/build.make:87: cmTC_7dbd9] Error 1
make[1]: Leaving directory '/home/joshua/gits/libsnark-circuit/build/CMakeFiles/CMakeTmp'
make: *** [Makefile:121: cmTC_7dbd9/fast] Error 2


